Fwd-Diff-2D results
Number of interior x-grid pts: N = 19
Number of interior y-grid pts: M = 19
Number of time steps: L = 100
Final time of simulation: t = 2.00000
Approximate solution at time t: x_i, y_j, u_ij
 0.00000    0.00000    0.00000
 0.00000    0.05000    0.00000
 0.00000    0.10000    0.00000
 0.00000    0.15000    0.00000
 0.00000    0.20000    0.00000
 0.00000    0.25000    0.00000
 0.00000    0.30000    0.00000
 0.00000    0.35000    0.00000
 0.00000    0.40000    0.00000
 0.00000    0.45000    0.00000
 0.00000    0.50000    0.00000
 0.00000    0.55000    0.00000
 0.00000    0.60000    0.00000
 0.00000    0.65000    0.00000
 0.00000    0.70000    0.00000
 0.00000    0.75000    0.00000
 0.00000    0.80000    0.00000
 0.00000    0.85000    0.00000
 0.00000    0.90000    0.00000
 0.00000    0.95000    0.00000
 0.00000    1.00000    0.00000
 0.05000    0.00000    0.00000
 0.05000    0.05000    0.00482
 0.05000    0.10000    0.00781
 0.05000    0.15000    0.00996
 0.05000    0.20000    0.01166
 0.05000    0.25000    0.01311
 0.05000    0.30000    0.01442
 0.05000    0.35000    0.01563
 0.05000    0.40000    0.01677
 0.05000    0.45000    0.01784
 0.05000    0.50000    0.01884
 0.05000    0.55000    0.01974
 0.05000    0.60000    0.02049
 0.05000    0.65000    0.02102
 0.05000    0.70000    0.02122
 0.05000    0.75000    0.02094
 0.05000    0.80000    0.01995
 0.05000    0.85000    0.01795
 0.05000    0.90000    0.01452
 0.05000    0.95000    0.00897
 0.05000    1.00000    0.00000
 0.10000    0.00000    0.00000
 0.10000    0.05000    0.00836
 0.10000    0.10000    0.01401
 0.10000    0.15000    0.01820
 0.10000    0.20000    0.02157
 0.10000    0.25000    0.02447
 0.10000    0.30000    0.02709
 0.10000    0.35000    0.02951
 0.10000    0.40000    0.03180
 0.10000    0.45000    0.03395
 0.10000    0.50000    0.03595
 0.10000    0.55000    0.03775
 0.10000    0.60000    0.03925
 0.10000    0.65000    0.04030
 0.10000    0.70000    0.04069
 0.10000    0.75000    0.04010
 0.10000    0.80000    0.03811
 0.10000    0.85000    0.03412
 0.10000    0.90000    0.02733
 0.10000    0.95000    0.01657
 0.10000    1.00000    0.00000
 0.15000    0.00000    0.00000
 0.15000    0.05000    0.01116
 0.15000    0.10000    0.01914
 0.15000    0.15000    0.02523
 0.15000    0.20000    0.03021
 0.15000    0.25000    0.03453
 0.15000    0.30000    0.03844
 0.15000    0.35000    0.04207
 0.15000    0.40000    0.04550
 0.15000    0.45000    0.04873
 0.15000    0.50000    0.05173
 0.15000    0.55000    0.05442
 0.15000    0.60000    0.05666
 0.15000    0.65000    0.05823
 0.15000    0.70000    0.05879
 0.15000    0.75000    0.05788
 0.15000    0.80000    0.05488
 0.15000    0.85000    0.04893
 0.15000    0.90000    0.03892
 0.15000    0.95000    0.02331
 0.15000    1.00000    0.00000
 0.20000    0.00000    0.00000
 0.20000    0.05000    0.01353
 0.20000    0.10000    0.02356
 0.20000    0.15000    0.03140
 0.20000    0.20000    0.03792
 0.20000    0.25000    0.04362
 0.20000    0.30000    0.04880
 0.20000    0.35000    0.05364
 0.20000    0.40000    0.05820
 0.20000    0.45000    0.06250
 0.20000    0.50000    0.06650
 0.20000    0.55000    0.07007
 0.20000    0.60000    0.07304
 0.20000    0.65000    0.07510
 0.20000    0.70000    0.07581
 0.20000    0.75000    0.07457
 0.20000    0.80000    0.07056
 0.20000    0.85000    0.06270
 0.20000    0.90000    0.04959
 0.20000    0.95000    0.02946
 0.20000    1.00000    0.00000
 0.25000    0.00000    0.00000
 0.25000    0.05000    0.01562
 0.25000    0.10000    0.02750
 0.25000    0.15000    0.03698
 0.25000    0.20000    0.04495
 0.25000    0.25000    0.05199
 0.25000    0.30000    0.05842
 0.25000    0.35000    0.06444
 0.25000    0.40000    0.07013
 0.25000    0.45000    0.07549
 0.25000    0.50000    0.08046
 0.25000    0.55000    0.08491
 0.25000    0.60000    0.08859
 0.25000    0.65000    0.09112
 0.25000    0.70000    0.09197
 0.25000    0.75000    0.09039
 0.25000    0.80000    0.08538
 0.25000    0.85000    0.07564
 0.25000    0.90000    0.05957
 0.25000    0.95000    0.03517
 0.25000    1.00000    0.00000
 0.30000    0.00000    0.00000
 0.30000    0.05000    0.01755
 0.30000    0.10000    0.03112
 0.30000    0.15000    0.04212
 0.30000    0.20000    0.05148
 0.30000    0.25000    0.05981
 0.30000    0.30000    0.06745
 0.30000    0.35000    0.07463
 0.30000    0.40000    0.08142
 0.30000    0.45000    0.08782
 0.30000    0.50000    0.09376
 0.30000    0.55000    0.09906
 0.30000    0.60000    0.10342
 0.30000    0.65000    0.10641
 0.30000    0.70000    0.10738
 0.30000    0.75000    0.10545
 0.30000    0.80000    0.09945
 0.30000    0.85000    0.08790
 0.30000    0.90000    0.06899
 0.30000    0.95000    0.04054
 0.30000    1.00000    0.00000
 0.35000    0.00000    0.00000
 0.35000    0.05000    0.01935
 0.35000    0.10000    0.03450
 0.35000    0.15000    0.04693
 0.35000    0.20000    0.05760
 0.35000    0.25000    0.06716
 0.35000    0.30000    0.07598
 0.35000    0.35000    0.08427
 0.35000    0.40000    0.09214
 0.35000    0.45000    0.09955
 0.35000    0.50000    0.10643
 0.35000    0.55000    0.11256
 0.35000    0.60000    0.11759
 0.35000    0.65000    0.12102
 0.35000    0.70000    0.12209
 0.35000    0.75000    0.11980
 0.35000    0.80000    0.11283
 0.35000    0.85000    0.09953
 0.35000    0.90000    0.07789
 0.35000    0.95000    0.04560
 0.35000    1.00000    0.00000
 0.40000    0.00000    0.00000
 0.40000    0.05000    0.02105
 0.40000    0.10000    0.03768
 0.40000    0.15000    0.05143
 0.40000    0.20000    0.06334
 0.40000    0.25000    0.07406
 0.40000    0.30000    0.08400
 0.40000    0.35000    0.09337
 0.40000    0.40000    0.10226
 0.40000    0.45000    0.11066
 0.40000    0.50000    0.11843
 0.40000    0.55000    0.12536
 0.40000    0.60000    0.13103
 0.40000    0.65000    0.13487
 0.40000    0.70000    0.13604
 0.40000    0.75000    0.13341
 0.40000    0.80000    0.12550
 0.40000    0.85000    0.11052
 0.40000    0.90000    0.08630
 0.40000    0.95000    0.05037
 0.40000    1.00000    0.00000
 0.45000    0.00000    0.00000
 0.45000    0.05000    0.02263
 0.45000    0.10000    0.04062
 0.45000    0.15000    0.05560
 0.45000    0.20000    0.06864
 0.45000    0.25000    0.08045
 0.45000    0.30000    0.09143
 0.45000    0.35000    0.10182
 0.45000    0.40000    0.11168
 0.45000    0.45000    0.12099
 0.45000    0.50000    0.12963
 0.45000    0.55000    0.13730
 0.45000    0.60000    0.14358
 0.45000    0.65000    0.14782
 0.45000    0.70000    0.14908
 0.45000    0.75000    0.14612
 0.45000    0.80000    0.13735
 0.45000    0.85000    0.12080
 0.45000    0.90000    0.09416
 0.45000    0.95000    0.05483
 0.45000    1.00000    0.00000
 0.50000    0.00000    0.00000
 0.50000    0.05000    0.02408
 0.50000    0.10000    0.04329
 0.50000    0.15000    0.05935
 0.50000    0.20000    0.07341
 0.50000    0.25000    0.08619
 0.50000    0.30000    0.09812
 0.50000    0.35000    0.10942
 0.50000    0.40000    0.12017
 0.50000    0.45000    0.13033
 0.50000    0.50000    0.13975
 0.50000    0.55000    0.14812
 0.50000    0.60000    0.15496
 0.50000    0.65000    0.15957
 0.50000    0.70000    0.16093
 0.50000    0.75000    0.15770
 0.50000    0.80000    0.14816
 0.50000    0.85000    0.13020
 0.50000    0.90000    0.10136
 0.50000    0.95000    0.05893
 0.50000    1.00000    0.00000
 0.55000    0.00000    0.00000
 0.55000    0.05000    0.02533
 0.55000    0.10000    0.04556
 0.55000    0.15000    0.06253
 0.55000    0.20000    0.07745
 0.55000    0.25000    0.09106
 0.55000    0.30000    0.10379
 0.55000    0.35000    0.11589
 0.55000    0.40000    0.12741
 0.55000    0.45000    0.13831
 0.55000    0.50000    0.14841
 0.55000    0.55000    0.15740
 0.55000    0.60000    0.16475
 0.55000    0.65000    0.16970
 0.55000    0.70000    0.17118
 0.55000    0.75000    0.16775
 0.55000    0.80000    0.15759
 0.55000    0.85000    0.13845
 0.55000    0.90000    0.10773
 0.55000    0.95000    0.06259
 0.55000    1.00000    0.00000
 0.60000    0.00000    0.00000
 0.60000    0.05000    0.02630
 0.60000    0.10000    0.04728
 0.60000    0.15000    0.06492
 0.60000    0.20000    0.08047
 0.60000    0.25000    0.09471
 0.60000    0.30000    0.10807
 0.60000    0.35000    0.12078
 0.60000    0.40000    0.13292
 0.60000    0.45000    0.14441
 0.60000    0.50000    0.15507
 0.60000    0.55000    0.16457
 0.60000    0.60000    0.17235
 0.60000    0.65000    0.17762
 0.60000    0.70000    0.17925
 0.60000    0.75000    0.17574
 0.60000    0.80000    0.16516
 0.60000    0.85000    0.14516
 0.60000    0.90000    0.11300
 0.60000    0.95000    0.06566
 0.60000    1.00000    0.00000
 0.65000    0.00000    0.00000
 0.65000    0.05000    0.02686
 0.65000    0.10000    0.04824
 0.65000    0.15000    0.06622
 0.65000    0.20000    0.08212
 0.65000    0.25000    0.09671
 0.65000    0.30000    0.11045
 0.65000    0.35000    0.12355
 0.65000    0.40000    0.13607
 0.65000    0.45000    0.14795
 0.65000    0.50000    0.15899
 0.65000    0.55000    0.16885
 0.65000    0.60000    0.17695
 0.65000    0.65000    0.18249
 0.65000    0.70000    0.18432
 0.65000    0.75000    0.18088
 0.65000    0.80000    0.17018
 0.65000    0.85000    0.14977
 0.65000    0.90000    0.11677
 0.65000    0.95000    0.06796
 0.65000    1.00000    0.00000
 0.70000    0.00000    0.00000
 0.70000    0.05000    0.02687
 0.70000    0.10000    0.04815
 0.70000    0.15000    0.06604
 0.70000    0.20000    0.08189
 0.70000    0.25000    0.09649
 0.70000    0.30000    0.11027
 0.70000    0.35000    0.12345
 0.70000    0.40000    0.13607
 0.70000    0.45000    0.14807
 0.70000    0.50000    0.15924
 0.70000    0.55000    0.16925
 0.70000    0.60000    0.17753
 0.70000    0.65000    0.18328
 0.70000    0.70000    0.18533
 0.70000    0.75000    0.18215
 0.70000    0.80000    0.17172
 0.70000    0.85000    0.15150
 0.70000    0.90000    0.11848
 0.70000    0.95000    0.06920
 0.70000    1.00000    0.00000
 0.75000    0.00000    0.00000
 0.75000    0.05000    0.02612
 0.75000    0.10000    0.04665
 0.75000    0.15000    0.06390
 0.75000    0.20000    0.07921
 0.75000    0.25000    0.09335
 0.75000    0.30000    0.10675
 0.75000    0.35000    0.11959
 0.75000    0.40000    0.13192
 0.75000    0.45000    0.14367
 0.75000    0.50000    0.15465
 0.75000    0.55000    0.16453
 0.75000    0.60000    0.17277
 0.75000    0.65000    0.17860
 0.75000    0.70000    0.18091
 0.75000    0.75000    0.17821
 0.75000    0.80000    0.16851
 0.75000    0.85000    0.14927
 0.75000    0.90000    0.11733
 0.75000    0.95000    0.06896
 0.75000    1.00000    0.00000
 0.80000    0.00000    0.00000
 0.80000    0.05000    0.02436
 0.80000    0.10000    0.04332
 0.80000    0.15000    0.05921
 0.80000    0.20000    0.07335
 0.80000    0.25000    0.08645
 0.80000    0.30000    0.09891
 0.80000    0.35000    0.11089
 0.80000    0.40000    0.12243
 0.80000    0.45000    0.13345
 0.80000    0.50000    0.14380
 0.80000    0.55000    0.15315
 0.80000    0.60000    0.16104
 0.80000    0.65000    0.16676
 0.80000    0.70000    0.16931
 0.80000    0.75000    0.16730
 0.80000    0.80000    0.15887
 0.80000    0.85000    0.14154
 0.80000    0.90000    0.11214
 0.80000    0.95000    0.06659
 0.80000    1.00000    0.00000
 0.85000    0.00000    0.00000
 0.85000    0.05000    0.02130
 0.85000    0.10000    0.03764
 0.85000    0.15000    0.05129
 0.85000    0.20000    0.06348
 0.85000    0.25000    0.07482
 0.85000    0.30000    0.08565
 0.85000    0.35000    0.09609
 0.85000    0.40000    0.10618
 0.85000    0.45000    0.11587
 0.85000    0.50000    0.12499
 0.85000    0.55000    0.13330
 0.85000    0.60000    0.14039
 0.85000    0.65000    0.14569
 0.85000    0.70000    0.14834
 0.85000    0.75000    0.14717
 0.85000    0.80000    0.14055
 0.85000    0.85000    0.12624
 0.85000    0.90000    0.10119
 0.85000    0.95000    0.06108
 0.85000    1.00000    0.00000
 0.90000    0.00000    0.00000
 0.90000    0.05000    0.01657
 0.90000    0.10000    0.02900
 0.90000    0.15000    0.03937
 0.90000    0.20000    0.04866
 0.90000    0.25000    0.05735
 0.90000    0.30000    0.06568
 0.90000    0.35000    0.07376
 0.90000    0.40000    0.08159
 0.90000    0.45000    0.08913
 0.90000    0.50000    0.09627
 0.90000    0.55000    0.10283
 0.90000    0.60000    0.10851
 0.90000    0.65000    0.11289
 0.90000    0.70000    0.11535
 0.90000    0.75000    0.11501
 0.90000    0.80000    0.11063
 0.90000    0.85000    0.10045
 0.90000    0.90000    0.08186
 0.90000    0.95000    0.05072
 0.90000    1.00000    0.00000
 0.95000    0.00000    0.00000
 0.95000    0.05000    0.00969
 0.95000    0.10000    0.01672
 0.95000    0.15000    0.02258
 0.95000    0.20000    0.02786
 0.95000    0.25000    0.03284
 0.95000    0.30000    0.03763
 0.95000    0.35000    0.04230
 0.95000    0.40000    0.04684
 0.95000    0.45000    0.05124
 0.95000    0.50000    0.05542
 0.95000    0.55000    0.05931
 0.95000    0.60000    0.06272
 0.95000    0.65000    0.06545
 0.95000    0.70000    0.06715
 0.95000    0.75000    0.06734
 0.95000    0.80000    0.06535
 0.95000    0.85000    0.06016
 0.95000    0.90000    0.05017
 0.95000    0.95000    0.03240
 0.95000    1.00000    0.00000
 1.00000    0.00000    0.00000
 1.00000    0.05000    0.00000
 1.00000    0.10000    0.00000
 1.00000    0.15000    0.00000
 1.00000    0.20000    0.00000
 1.00000    0.25000    0.00000
 1.00000    0.30000    0.00000
 1.00000    0.35000    0.00000
 1.00000    0.40000    0.00000
 1.00000    0.45000    0.00000
 1.00000    0.50000    0.00000
 1.00000    0.55000    0.00000
 1.00000    0.60000    0.00000
 1.00000    0.65000    0.00000
 1.00000    0.70000    0.00000
 1.00000    0.75000    0.00000
 1.00000    0.80000    0.00000
 1.00000    0.85000    0.00000
 1.00000    0.90000    0.00000
 1.00000    0.95000    0.00000
 1.00000    1.00000    0.00000
