Linear-FE results
Number of interior grid pts: N = 199
Approximate solution: x_j, y_j
-2.00000    0.00000   
-1.98000    2.80000   
-1.96000    5.60000   
-1.94000    8.40000   
-1.92000   11.20000   
-1.90000   14.00000   
-1.88000   16.80000   
-1.86000   19.60000   
-1.84000   22.40000   
-1.82000   25.20000   
-1.80000   28.00000   
-1.78000   30.80000   
-1.76000   33.60000   
-1.74000   36.40000   
-1.72000   39.20000   
-1.70000   42.00000   
-1.68000   44.80000   
-1.66000   47.60000   
-1.64000   50.40000   
-1.62000   53.20000   
-1.60000   56.00000   
-1.58000   58.80000   
-1.56000   61.60000   
-1.54000   64.40000   
-1.52000   67.20000   
-1.50000   70.00000   
-1.48000   72.80000   
-1.46000   75.60000   
-1.44000   78.40000   
-1.42000   81.20000   
-1.40000   84.00000   
-1.38000   86.80000   
-1.36000   89.60000   
-1.34000   92.40000   
-1.32000   95.20000   
-1.30000   98.00000   
-1.28000   100.80000   
-1.26000   103.60000   
-1.24000   106.40000   
-1.22000   109.20000   
-1.20000   112.00000   
-1.18000   114.80000   
-1.16000   117.60000   
-1.14000   120.40000   
-1.12000   123.20000   
-1.10000   126.00000   
-1.08000   128.80000   
-1.06000   131.60000   
-1.04000   134.40000   
-1.02000   137.20000   
-1.00000   140.00000   
-0.98000   142.80000   
-0.96000   145.60000   
-0.94000   148.40000   
-0.92000   151.20000   
-0.90000   154.00000   
-0.88000   156.80000   
-0.86000   159.60000   
-0.84000   162.40000   
-0.82000   165.20000   
-0.80000   168.00000   
-0.78000   170.80000   
-0.76000   173.60000   
-0.74000   176.40000   
-0.72000   179.20000   
-0.70000   182.00000   
-0.68000   184.80000   
-0.66000   187.60000   
-0.64000   190.40000   
-0.62000   193.20000   
-0.60000   196.00000   
-0.58000   198.80000   
-0.56000   201.60000   
-0.54000   204.40000   
-0.52000   207.20000   
-0.50000   210.00000   
-0.48000   212.80000   
-0.46000   215.60000   
-0.44000   218.40000   
-0.42000   221.20000   
-0.40000   224.00000   
-0.38000   226.70000   
-0.36000   229.20000   
-0.34000   231.50000   
-0.32000   233.60000   
-0.30000   235.50000   
-0.28000   237.20000   
-0.26000   238.70000   
-0.24000   240.00000   
-0.22000   241.10000   
-0.20000   242.00000   
-0.18000   242.70000   
-0.16000   243.20000   
-0.14000   243.50000   
-0.12000   243.60000   
-0.10000   243.50000   
-0.08000   243.20000   
-0.06000   242.70000   
-0.04000   242.00000   
-0.02000   241.10000   
 0.00000   240.00000   
 0.02000   239.35000   
 0.04000   238.60000   
 0.06000   237.75000   
 0.08000   236.80000   
 0.10000   235.75000   
 0.12000   234.60000   
 0.14000   233.35000   
 0.16000   232.00000   
 0.18000   230.55000   
 0.20000   229.00000   
 0.22000   227.35000   
 0.24000   225.60000   
 0.26000   223.75000   
 0.28000   221.80000   
 0.30000   219.75000   
 0.32000   217.60000   
 0.34000   215.35000   
 0.36000   213.00000   
 0.38000   210.55000   
 0.40000   208.00000   
 0.42000   205.40000   
 0.44000   202.80000   
 0.46000   200.20000   
 0.48000   197.60000   
 0.50000   195.00000   
 0.52000   192.40000   
 0.54000   189.80000   
 0.56000   187.20000   
 0.58000   184.60000   
 0.60000   182.00000   
 0.62000   179.40000   
 0.64000   176.80000   
 0.66000   174.20000   
 0.68000   171.60000   
 0.70000   169.00000   
 0.72000   166.40000   
 0.74000   163.80000   
 0.76000   161.20000   
 0.78000   158.60000   
 0.80000   156.00000   
 0.82000   153.40000   
 0.84000   150.80000   
 0.86000   148.20000   
 0.88000   145.60000   
 0.90000   143.00000   
 0.92000   140.40000   
 0.94000   137.80000   
 0.96000   135.20000   
 0.98000   132.60000   
 1.00000   130.00000   
 1.02000   127.40000   
 1.04000   124.80000   
 1.06000   122.20000   
 1.08000   119.60000   
 1.10000   117.00000   
 1.12000   114.40000   
 1.14000   111.80000   
 1.16000   109.20000   
 1.18000   106.60000   
 1.20000   104.00000   
 1.22000   101.40000   
 1.24000   98.80000   
 1.26000   96.20000   
 1.28000   93.60000   
 1.30000   91.00000   
 1.32000   88.40000   
 1.34000   85.80000   
 1.36000   83.20000   
 1.38000   80.60000   
 1.40000   78.00000   
 1.42000   75.40000   
 1.44000   72.80000   
 1.46000   70.20000   
 1.48000   67.60000   
 1.50000   65.00000   
 1.52000   62.40000   
 1.54000   59.80000   
 1.56000   57.20000   
 1.58000   54.60000   
 1.60000   52.00000   
 1.62000   49.40000   
 1.64000   46.80000   
 1.66000   44.20000   
 1.68000   41.60000   
 1.70000   39.00000   
 1.72000   36.40000   
 1.74000   33.80000   
 1.76000   31.20000   
 1.78000   28.60000   
 1.80000   26.00000   
 1.82000   23.40000   
 1.84000   20.80000   
 1.86000   18.20000   
 1.88000   15.60000   
 1.90000   13.00000   
 1.92000   10.40000   
 1.94000    7.80000   
 1.96000    5.20000   
 1.98000    2.60000   
 2.00000    0.00000   
